This is pdfTeX, Version 3.141592653-2.6-1.40.23 (TeX Live 2021/W32TeX) (preloaded format=pdflatex 2022.2.8)  30 MAR 2022 18:21
entering extended mode
 restricted \write18 enabled.
 %&-line parsing enabled.
**Main.tex
(./Main.tex
LaTeX2e <2021-11-15> patch level 1
L3 programming layer <2022-02-05>
(c:/texlive/2021/texmf-dist/tex/latex/koma-script/scrartcl.cls
Document Class: scrartcl 2021/11/13 v3.35 KOMA-Script document class (article)
(c:/texlive/2021/texmf-dist/tex/latex/koma-script/scrkbase.sty
Package: scrkbase 2021/11/13 v3.35 KOMA-Script package (KOMA-Script-dependent b
asics and keyval usage)

(c:/texlive/2021/texmf-dist/tex/latex/koma-script/scrbase.sty
Package: scrbase 2021/11/13 v3.35 KOMA-Script package (KOMA-Script-independent 
basics and keyval usage)

(c:/texlive/2021/texmf-dist/tex/latex/koma-script/scrlfile.sty
Package: scrlfile 2021/11/13 v3.35 KOMA-Script package (file load hooks)

(c:/texlive/2021/texmf-dist/tex/latex/koma-script/scrlfile-hook.sty
Package: scrlfile-hook 2021/11/13 v3.35 KOMA-Script package (using LaTeX hooks)


(c:/texlive/2021/texmf-dist/tex/latex/koma-script/scrlogo.sty
Package: scrlogo 2021/11/13 v3.35 KOMA-Script package (logo)
)))
(c:/texlive/2021/texmf-dist/tex/latex/graphics/keyval.sty
Package: keyval 2014/10/28 v1.15 key=value parser (DPC)
\KV@toks@=\toks16
)
Applying: [2021/05/01] Usage of raw or classic option list on input line 252.
Already applied: [0000/00/00] Usage of raw or classic option list on input line
 368.
))
(c:/texlive/2021/texmf-dist/tex/latex/koma-script/tocbasic.sty
Package: tocbasic 2021/11/13 v3.35 KOMA-Script package (handling toc-files)
\scr@dte@tocline@numberwidth=\skip47
\scr@dte@tocline@numbox=\box50
)
Package tocbasic Info: babel extension for `toc' omitted
(tocbasic)             because of missing \bbl@set@language on input line 135.
Package scrartcl Info: You've used standard option `12pt'.
(scrartcl)             This is correct!
(scrartcl)             Internally I'm using `fontsize=12pt'.
(scrartcl)             If you'd like to set the option with \KOMAoptions,
(scrartcl)             you'd have to use `fontsize=12pt' there
(scrartcl)             instead of `12pt', too.
Class scrartcl Info: File `scrsize12pt.clo' used to setup font sizes on input l
ine 2242.

(c:/texlive/2021/texmf-dist/tex/latex/koma-script/scrsize12pt.clo
File: scrsize12pt.clo 2021/11/13 v3.35 KOMA-Script font size class option (12pt
)
)
(c:/texlive/2021/texmf-dist/tex/latex/koma-script/typearea.sty
Package: typearea 2021/11/13 v3.35 KOMA-Script package (type area)
\ta@bcor=\skip48
\ta@div=\count185
Package typearea Info: You've used standard option `a4paper'.
(typearea)             This is correct!
(typearea)             Internally I'm using `paper=a4'.
(typearea)             If you'd like to set the option with \KOMAoptions,
(typearea)             you'd have to use `paper=a4' there
(typearea)             instead of `a4paper', too.
\ta@hblk=\skip49
\ta@vblk=\skip50
\ta@temp=\skip51
\footheight=\skip52
Package typearea Info: These are the values describing the layout:
(typearea)             DIV  = 12
(typearea)             BCOR = 0.0pt
(typearea)             \paperwidth      = 597.50793pt
(typearea)              \textwidth      = 448.13095pt
(typearea)              DIV departure   = -6%
(typearea)              \evensidemargin = 2.4185pt
(typearea)              \oddsidemargin  = 2.4185pt
(typearea)             \paperheight     = 845.04694pt
(typearea)              \textheight     = 635.5pt
(typearea)              \topmargin      = -41.72441pt
(typearea)              \headheight     = 18.125pt
(typearea)              \headsep        = 21.75pt
(typearea)              \topskip        = 12.0pt
(typearea)              \footskip       = 50.75pt
(typearea)              \baselineskip   = 14.5pt
(typearea)              on input line 1743.
)
\c@part=\count186
\c@section=\count187
\c@subsection=\count188
\c@subsubsection=\count189
\c@paragraph=\count190
\c@subparagraph=\count191
\scr@dte@section@maxnumwidth=\skip53
Class scrartcl Info: using compatibility default `runin=bysign'
(scrartcl)           for `\section on input line 4852.
Class scrartcl Info: using compatibility default `afterindent=bysign'
(scrartcl)           for `\section on input line 4852.
\scr@dte@part@maxnumwidth=\skip54
Class scrartcl Info: using compatibility default `afterindent=false'
(scrartcl)           for `\part on input line 4860.
\scr@dte@subsection@maxnumwidth=\skip55
Class scrartcl Info: using compatibility default `runin=bysign'
(scrartcl)           for `\subsection on input line 4870.
Class scrartcl Info: using compatibility default `afterindent=bysign'
(scrartcl)           for `\subsection on input line 4870.
\scr@dte@subsubsection@maxnumwidth=\skip56
Class scrartcl Info: using compatibility default `runin=bysign'
(scrartcl)           for `\subsubsection on input line 4880.
Class scrartcl Info: using compatibility default `afterindent=bysign'
(scrartcl)           for `\subsubsection on input line 4880.
\scr@dte@paragraph@maxnumwidth=\skip57
Class scrartcl Info: using compatibility default `runin=bysign'
(scrartcl)           for `\paragraph on input line 4891.
Class scrartcl Info: using compatibility default `afterindent=bysign'
(scrartcl)           for `\paragraph on input line 4891.
\scr@dte@subparagraph@maxnumwidth=\skip58
Class scrartcl Info: using compatibility default `runin=bysign'
(scrartcl)           for `\subparagraph on input line 4901.
Class scrartcl Info: using compatibility default `afterindent=bysign'
(scrartcl)           for `\subparagraph on input line 4901.
\abovecaptionskip=\skip59
\belowcaptionskip=\skip60
\c@pti@nb@sid@b@x=\box51
Package tocbasic Info: babel extension for `lof' omitted
(tocbasic)             because of missing \bbl@set@language on input line 6076.

\scr@dte@figure@maxnumwidth=\skip61
\c@figure=\count192
Package tocbasic Info: babel extension for `lot' omitted
(tocbasic)             because of missing \bbl@set@language on input line 6091.

\scr@dte@table@maxnumwidth=\skip62
\c@table=\count193
Class scrartcl Info: Redefining `\numberline' on input line 6258.
\bibindent=\dimen138
)
(c:/texlive/2021/texmf-dist/tex/latex/graphics/graphicx.sty
Package: graphicx 2021/09/16 v1.2d Enhanced LaTeX Graphics (DPC,SPQR)

(c:/texlive/2021/texmf-dist/tex/latex/graphics/graphics.sty
Package: graphics 2021/03/04 v1.4d Standard LaTeX Graphics (DPC,SPQR)

(c:/texlive/2021/texmf-dist/tex/latex/graphics/trig.sty
Package: trig 2021/08/11 v1.11 sin cos tan (DPC)
)
(c:/texlive/2021/texmf-dist/tex/latex/graphics-cfg/graphics.cfg
File: graphics.cfg 2016/06/04 v1.11 sample graphics configuration
)
Package graphics Info: Driver file: pdftex.def on input line 107.

(c:/texlive/2021/texmf-dist/tex/latex/graphics-def/pdftex.def
File: pdftex.def 2020/10/05 v1.2a Graphics/color driver for pdftex
))
\Gin@req@height=\dimen139
\Gin@req@width=\dimen140
)
(c:/texlive/2021/texmf-dist/tex/latex/graphics/color.sty
Package: color 2021/12/07 v1.3c Standard LaTeX Color (DPC)

(c:/texlive/2021/texmf-dist/tex/latex/graphics-cfg/color.cfg
File: color.cfg 2016/01/02 v1.6 sample color configuration
)
Package color Info: Driver file: pdftex.def on input line 149.
)
(c:/texlive/2021/texmf-dist/tex/latex/listings/listings.sty
\lst@mode=\count194
\lst@gtempboxa=\box52
\lst@token=\toks17
\lst@length=\count195
\lst@currlwidth=\dimen141
\lst@column=\count196
\lst@pos=\count197
\lst@lostspace=\dimen142
\lst@width=\dimen143
\lst@newlines=\count198
\lst@lineno=\count199
\lst@maxwidth=\dimen144

(c:/texlive/2021/texmf-dist/tex/latex/listings/lstmisc.sty
File: lstmisc.sty 2020/03/24 1.8d (Carsten Heinz)
\c@lstnumber=\count266
\lst@skipnumbers=\count267
\lst@framebox=\box53
)
(c:/texlive/2021/texmf-dist/tex/latex/listings/listings.cfg
File: listings.cfg 2020/03/24 1.8d listings configuration
))
Package: listings 2020/03/24 1.8d (Carsten Heinz)

(c:/texlive/2021/texmf-dist/tex/latex/blindtext/blindtext.sty
Package: blindtext 2012/01/06 V2.0 blindtext-Package

(c:/texlive/2021/texmf-dist/tex/latex/tools/xspace.sty
Package: xspace 2014/10/28 v1.13 Space after command names (DPC,MH)
)
\c@blindtext=\count268
\c@Blindtext=\count269
\c@blind@countparstart=\count270
\blind@countxx=\count271
\blindtext@numBlindtext=\count272
\blind@countyy=\count273
\c@blindlist=\count274
\c@blindlistlevel=\count275
\c@blindlist@level=\count276
\blind@listitem=\count277
\c@blind@listcount=\count278
\c@blind@levelcount=\count279
\blind@mathformula=\count280
\blind@Mathformula=\count281
\c@blind@randomcount=\count282
\c@blind@randommax=\count283
\c@blind@pangramcount=\count284
\c@blind@pangrammax=\count285
)
(c:/texlive/2021/texmf-dist/tex/latex/wrapfig/wrapfig.sty
\wrapoverhang=\dimen145
\WF@size=\dimen146
\c@WF@wrappedlines=\count286
\WF@box=\box54
\WF@everypar=\toks18
Package: wrapfig 2003/01/31  v 3.6
)
(c:/texlive/2021/texmf-dist/tex/generic/ulem/ulem.sty
\UL@box=\box55
\UL@hyphenbox=\box56
\UL@skip=\skip63
\UL@hook=\toks19
\UL@height=\dimen147
\UL@pe=\count287
\UL@pixel=\dimen148
\ULC@box=\box57
Package: ulem 2019/11/18
\ULdepth=\dimen149
)

Class scrartcl Warning: Usage of package `tocbibind' together
(scrartcl)              with a KOMA-Script class is not recommended.
(scrartcl)              I'd suggest to use options like `listof=totoc'
(scrartcl)              or `bibliography=totoc', or commands like
(scrartcl)              `\setuptoc{toc}{totoc}' instead of this package,
(scrartcl)              because it breaks several KOMA-Script features of
(scrartcl)              the list of figures, list of tables, bibliography,
(scrartcl)              index and the running head.
(scrartcl)              Nevertheless, using requested
(scrartcl)              package `tocbibind' on input line 22.

(c:/texlive/2021/texmf-dist/tex/latex/tocbibind/tocbibind.sty
Package: tocbibind 2010/10/13 v1.5k extra ToC listings
Package tocbibind Info: The document has section divisions on input line 50.


Package tocbibind Note: Using section or other style headings.

) (c:/texlive/2021/texmf-dist/tex/latex/setspace/setspace.sty
Package: setspace 2011/12/19 v6.7a set line spacing
)
(c:/texlive/2021/texmf-dist/tex/latex/titling/titling.sty
Package: titling 2009/09/04 v2.1d maketitle typesetting
\thanksmarkwidth=\skip64
\thanksmargin=\skip65
\droptitle=\skip66
)
(c:/texlive/2021/texmf-dist/tex/latex/l3backend/l3backend-pdftex.def
File: l3backend-pdftex.def 2022-01-12 L3 backend support: PDF output (pdfTeX)
\l__color_backend_stack_int=\count288
\l__pdf_internal_box=\box58
)
(./Main.aux)
\openout1 = `Main.aux'.

LaTeX Font Info:    Checking defaults for OML/cmm/m/it on input line 40.
LaTeX Font Info:    ... okay on input line 40.
LaTeX Font Info:    Checking defaults for OMS/cmsy/m/n on input line 40.
LaTeX Font Info:    ... okay on input line 40.
LaTeX Font Info:    Checking defaults for OT1/cmr/m/n on input line 40.
LaTeX Font Info:    ... okay on input line 40.
LaTeX Font Info:    Checking defaults for T1/cmr/m/n on input line 40.
LaTeX Font Info:    ... okay on input line 40.
LaTeX Font Info:    Checking defaults for TS1/cmr/m/n on input line 40.
LaTeX Font Info:    ... okay on input line 40.
LaTeX Font Info:    Checking defaults for OMX/cmex/m/n on input line 40.
LaTeX Font Info:    ... okay on input line 40.
LaTeX Font Info:    Checking defaults for U/cmr/m/n on input line 40.
LaTeX Font Info:    ... okay on input line 40.
Package scrbase Info: activating english \contentsname on input line 40.
Package scrbase Info: activating english \listfigurename on input line 40.
Package scrbase Info: activating english \listtablename on input line 40.
Package tocbasic Info: usage of `tocbibind' detected on input line 40.


Package tocbasic Warning: `tocbibind' redefinition of `\listoffigures'
(tocbasic)                detected.
(tocbasic)                Note: Loading `tocbibind' without option `notlof'
(tocbasic)                can break several features of `tocbasic'.


Package tocbasic Warning: `tocbibind' redefinition of `\listoftables'
(tocbasic)                detected.
(tocbasic)                Note: Loading `tocbibind' without option `notlot'
(tocbasic)                can break several features of `tocbasic'.

(c:/texlive/2021/texmf-dist/tex/context/base/mkii/supp-pdf.mkii
[Loading MPS to PDF converter (version 2006.09.02).]
\scratchcounter=\count289
\scratchdimen=\dimen150
\scratchbox=\box59
\nofMPsegments=\count290
\nofMParguments=\count291
\everyMPshowfont=\toks20
\MPscratchCnt=\count292
\MPscratchDim=\dimen151
\MPnumerator=\count293
\makeMPintoPDFobject=\count294
\everyMPtoPDFconversion=\toks21
) (c:/texlive/2021/texmf-dist/tex/latex/epstopdf-pkg/epstopdf-base.sty
Package: epstopdf-base 2020-01-24 v2.11 Base part for package epstopdf
Package epstopdf-base Info: Redefining graphics rule for `.eps' on input line 4
85.

(c:/texlive/2021/texmf-dist/tex/latex/latexconfig/epstopdf-sys.cfg
File: epstopdf-sys.cfg 2010/07/13 v1.3 Configuration of (r)epstopdf for TeX Liv
e
))
\c@lstlisting=\count295
LaTeX Font Info:    External font `cmex10' loaded for size
(Font)              <14.4> on input line 43.
LaTeX Font Info:    External font `cmex10' loaded for size
(Font)              <7> on input line 43.
 [1

{c:/texlive/2021/texmf-var/fonts/map/pdftex/updmap/pdftex.map}] (./Main.toc
LaTeX Font Info:    External font `cmex10' loaded for size
(Font)              <12> on input line 1.
LaTeX Font Info:    External font `cmex10' loaded for size
(Font)              <8> on input line 1.
LaTeX Font Info:    External font `cmex10' loaded for size
(Font)              <6> on input line 1.
)
\tf@toc=\write3
\openout3 = `Main.toc'.

 [1]
<Figures/OpenCV_window.png, id=12, 929.72343pt x 231.11343pt>
File: Figures/OpenCV_window.png Graphic file (type png)
<use Figures/OpenCV_window.png>
Package pdftex.def Info: Figures/OpenCV_window.png  used on input line 66.
(pdftex.def)             Requested size: 457.8383pt x 113.81102pt.

Overfull \hbox (9.70735pt too wide) in paragraph at lines 66--67
 [][] 
 []

<Figures/convolution.png, id=13, 971.88094pt x 360.59718pt>
File: Figures/convolution.png Graphic file (type png)
<use Figures/convolution.png>
Package pdftex.def Info: Figures/convolution.png  used on input line 91.
(pdftex.def)             Requested size: 383.42163pt x 142.26378pt.
[1


 <./Figures/OpenCV_window.png>]
<Figures/Autoencoder.png, id=17, 351.3125pt x 262.9825pt>
File: Figures/Autoencoder.png Graphic file (type png)
<use Figures/Autoencoder.png>
Package pdftex.def Info: Figures/Autoencoder.png  used on input line 108.
(pdftex.def)             Requested size: 190.05435pt x 142.26378pt.
 [2 <./Figures/Convolution.png> <./Figures/Autoencoder.png>]
<Figures/LossPlot.png, id=24, 462.528pt x 346.896pt>
File: Figures/LossPlot.png Graphic file (type png)
<use Figures/LossPlot.png>
Package pdftex.def Info: Figures/LossPlot.png  used on input line 136.
(pdftex.def)             Requested size: 227.6217pt x 170.71652pt.

Overfull \hbox (48.37207pt too wide) in paragraph at lines 136--137
 [][] 
 []

[3 <./Figures/LossPlot.png>]
(c:/texlive/2021/texmf-dist/tex/latex/listings/lstlang1.sty
File: lstlang1.sty 2020/03/24 1.8d listings language file
)
(c:/texlive/2021/texmf-dist/tex/latex/listings/lstlang1.sty
File: lstlang1.sty 2020/03/24 1.8d listings language file
)
LaTeX Font Info:    Font shape `OT1/cmtt/bx/n' in size <11> not available
(Font)              Font shape `OT1/cmtt/m/n' tried instead on input line 167.
<Figures/EncoderLayer.png, id=30, 767.86874pt x 1406.25375pt>
File: Figures/EncoderLayer.png Graphic file (type png)
<use Figures/EncoderLayer.png>
Package pdftex.def Info: Figures/EncoderLayer.png  used on input line 196.
(pdftex.def)             Requested size: 179.24963pt x 328.25954pt.
<Figures/DecoderLayer.png, id=31, 767.86874pt x 1406.25375pt>
File: Figures/DecoderLayer.png Graphic file (type png)
<use Figures/DecoderLayer.png>
Package pdftex.def Info: Figures/DecoderLayer.png  used on input line 202.
(pdftex.def)             Requested size: 179.24963pt x 328.25954pt.


LaTeX Warning: `h' float specifier changed to `ht'.

<Figures/ResidualConnection.png, id=32, 566.115pt x 326.21875pt>
File: Figures/ResidualConnection.png Graphic file (type png)
<use Figures/ResidualConnection.png>
Package pdftex.def Info: Figures/ResidualConnection.png  used on input line 224
.
(pdftex.def)             Requested size: 197.50398pt x 113.81102pt.

Overfull \hbox (18.25435pt too wide) in paragraph at lines 224--225
 [][] 
 []


Underfull \hbox (badness 3792) in paragraph at lines 225--225
[][]\OT1/cmr/m/n/12 Concept of a resid-ual
 []

[4 <./Figures/ResidualConnection.png>]
Underfull \hbox (badness 1142) in paragraph at lines 236--242
[]\OT1/cmr/m/n/12 As men-tioned in the first sec-tion, the Jet-
 []

[5 <./Figures/EncoderLayer.png> <./Figures/DecoderLayer.png>]

Class scrartcl Warning: `\caption' outside float.
(scrartcl)              Seems you are using `\caption' outside a float.
(scrartcl)              Maybe you are using a package that uses `\@makecaption'

(scrartcl)              without setting `\@captype' before.
(scrartcl)              Because I cannot detect the caption type, I'm using
(scrartcl)              the empty one. on input line 263.

<Figures/ColoredImages_compareModels.png, id=45, 1322.69156pt x 1650.91782pt>
File: Figures/ColoredImages_compareModels.png Graphic file (type png)
<use Figures/ColoredImages_compareModels.png>
Package pdftex.def Info: Figures/ColoredImages_compareModels.png  used on input
 line 285.
(pdftex.def)             Requested size: 296.34143pt x 369.88582pt.
<Figures/ColorizedImagesLossPlot_comparedModels.png, id=46, 462.528pt x 346.896
pt>
File: Figures/ColorizedImagesLossPlot_comparedModels.png Graphic file (type png
)
<use Figures/ColorizedImagesLossPlot_comparedModels.png>
Package pdftex.def Info: Figures/ColorizedImagesLossPlot_comparedModels.png  us
ed on input line 303.
(pdftex.def)             Requested size: 227.6217pt x 170.71652pt.

LaTeX Warning: `h' float specifier changed to `ht'.

[6] [7 <./Figures/ColoredImages_compareModels.png>] (./Main.bbl
Underfull \hbox (badness 1365) in paragraph at lines 4--7
[]\OT1/cmr/m/n/12 ``Jetson Nano De-vel-oper Kit.'' https://developer.nvidia.com
/embedded/jetson-
 []

[8 <./Figures/ColorizedImagesLossPlot_comparedModels.png>]
Underfull \hbox (badness 10000) in paragraph at lines 9--12
[]\OT1/cmr/m/n/12 ``GeForce RTX 3070 Familiy - Specs.'' https://www.nvidia.com/
en-
 []


Overfull \hbox (10.61928pt too wide) in paragraph at lines 14--17
[]\OT1/cmr/m/n/12 ``Animation of a Con-vo-lu-tion.'' https://spinkk.github.io/s
inglekernel[]nopadding.html.
 []


Overfull \hbox (16.2595pt too wide) in paragraph at lines 19--23
\OT1/cmr/m/n/12 https://en.wikipedia.org/wiki/Autoencoder#/media/File:Autoencod
er[]structure.png.
 []


Overfull \hbox (17.87395pt too wide) in paragraph at lines 25--28
[]\OT1/cmr/m/n/12 ``Official Ten-sor-Flow for Jet-son Nano!.'' https://forums.d
eveloper.nvidia.com/t/official-
 []

) [9] (./Main.aux) ) 
Here is how much of TeX's memory you used:
 6710 strings out of 478278
 129479 string characters out of 5850547
 741288 words of memory out of 5000000
 24859 multiletter control sequences out of 15000+600000
 475654 words of font info for 51 fonts, out of 8000000 for 9000
 1141 hyphenation exceptions out of 8191
 108i,8n,106p,10599b,1261s stack positions out of 5000i,500n,10000p,200000b,80000s
<c:/texlive/2021/texmf-dist/fonts/type1/public/amsfonts/cm/
cmex10.pfb><c:/texlive/2021/texmf-dist/fonts/type1/public/amsfonts/cm/cmitt10.p
fb><c:/texlive/2021/texmf-dist/fonts/type1/public/amsfonts/cm/cmmi12.pfb><c:/te
xlive/2021/texmf-dist/fonts/type1/public/amsfonts/cm/cmmi8.pfb><c:/texlive/2021
/texmf-dist/fonts/type1/public/amsfonts/cm/cmr12.pfb><c:/texlive/2021/texmf-dis
t/fonts/type1/public/amsfonts/cm/cmr17.pfb><c:/texlive/2021/texmf-dist/fonts/ty
pe1/public/amsfonts/cm/cmr8.pfb><c:/texlive/2021/texmf-dist/fonts/type1/public/
amsfonts/cm/cmssbx10.pfb><c:/texlive/2021/texmf-dist/fonts/type1/public/amsfont
s/cm/cmsy10.pfb><c:/texlive/2021/texmf-dist/fonts/type1/public/amsfonts/cm/cmti
12.pfb><c:/texlive/2021/texmf-dist/fonts/type1/public/amsfonts/cm/cmtt10.pfb><c
:/texlive/2021/texmf-dist/fonts/type1/public/amsfonts/cm/cmtt12.pfb>
Output written on Main.pdf (11 pages, 6968779 bytes).
PDF statistics:
 115 PDF objects out of 1000 (max. 8388607)
 63 compressed objects within 1 object stream
 0 named destinations out of 1000 (max. 500000)
 46 words of extra memory for PDF output out of 10000 (max. 10000000)

